0 info it worked if it ends with ok
1 verbose cli [ '/usr/local/bin/node',
1 verbose cli   '/usr/local/bin/npm',
1 verbose cli   'install',
1 verbose cli   'http-server',
1 verbose cli   '-g' ]
2 info using npm@1.4.9
3 info using node@v0.10.28
4 verbose cache add [ 'http-server', null ]
5 verbose cache add name=undefined spec="http-server" args=["http-server",null]
6 verbose parsed url { protocol: null,
6 verbose parsed url   slashes: null,
6 verbose parsed url   auth: null,
6 verbose parsed url   host: null,
6 verbose parsed url   port: null,
6 verbose parsed url   hostname: null,
6 verbose parsed url   hash: null,
6 verbose parsed url   search: null,
6 verbose parsed url   query: null,
6 verbose parsed url   pathname: 'http-server',
6 verbose parsed url   path: 'http-server',
6 verbose parsed url   href: 'http-server' }
7 silly lockFile ed608307-http-server http-server
8 verbose lock http-server /usr/local/google/home/sachinh/.npm/ed608307-http-server.lock
9 silly lockFile ed608307-http-server http-server
10 silly lockFile ed608307-http-server http-server
11 verbose addNamed [ 'http-server', '' ]
12 verbose addNamed [ null, '*' ]
13 silly lockFile 550353c6-http-server http-server@
14 verbose lock http-server@ /usr/local/google/home/sachinh/.npm/550353c6-http-server.lock
15 silly addNameRange { name: 'http-server', range: '*', hasData: false }
16 verbose url raw http-server
17 verbose url resolving [ 'https://registry.npmjs.org/', './http-server' ]
18 verbose url resolved https://registry.npmjs.org/http-server
19 info trying registry request attempt 1 at 18:03:20
20 http GET https://registry.npmjs.org/http-server
21 http 200 https://registry.npmjs.org/http-server
22 silly registry.get cb [ 200,
22 silly registry.get   { date: 'Tue, 20 May 2014 01:03:20 GMT',
22 silly registry.get     server: 'CouchDB/1.5.0 (Erlang OTP/R14B04)',
22 silly registry.get     etag: '"1UQ55A4DCQ0TOIQPPHW54RY4Z"',
22 silly registry.get     'content-type': 'application/json',
22 silly registry.get     via: '1.1 varnish',
22 silly registry.get     'cache-control': 'max-age=1',
22 silly registry.get     'content-length': '42410',
22 silly registry.get     'accept-ranges': 'bytes',
22 silly registry.get     age: '199',
22 silly registry.get     'x-served-by': 'cache-v44-ASH, cache-v42-ASH, cache-lax1426-LAX',
22 silly registry.get     'x-cache': 'HIT, HIT, MISS',
22 silly registry.get     'x-cache-hits': '1, 7, 0',
22 silly registry.get     'x-timer': 'S1400547601.234760761,VS0,VS31,VE32,VE199172',
22 silly registry.get     vary: 'Accept',
22 silly registry.get     'keep-alive': 'timeout=10, max=50',
22 silly registry.get     connection: 'Keep-Alive' } ]
23 silly addNameRange number 2 { name: 'http-server', range: '*', hasData: true }
24 silly addNameRange versions [ 'http-server',
24 silly addNameRange   [ '0.1.0',
24 silly addNameRange     '0.1.1',
24 silly addNameRange     '0.1.3',
24 silly addNameRange     '0.2.1',
24 silly addNameRange     '0.2.2',
24 silly addNameRange     '0.2.3',
24 silly addNameRange     '0.2.4',
24 silly addNameRange     '0.2.5',
24 silly addNameRange     '0.2.6',
24 silly addNameRange     '0.2.9',
24 silly addNameRange     '0.3.0',
24 silly addNameRange     '0.4.0',
24 silly addNameRange     '0.4.1',
24 silly addNameRange     '0.5.0',
24 silly addNameRange     '0.5.1',
24 silly addNameRange     '0.5.2',
24 silly addNameRange     '0.5.3',
24 silly addNameRange     '0.5.5',
24 silly addNameRange     '0.6.0',
24 silly addNameRange     '0.6.1' ] ]
25 verbose addNamed [ 'http-server', '0.6.1' ]
26 verbose addNamed [ '0.6.1', '0.6.1' ]
27 silly lockFile 1e2b2518-http-server-0-6-1 http-server@0.6.1
28 verbose lock http-server@0.6.1 /usr/local/google/home/sachinh/.npm/1e2b2518-http-server-0-6-1.lock
29 silly lockFile c3f4b4b6-ttp-server-http-server-0-6-1-tgz https://registry.npmjs.org/http-server/-/http-server-0.6.1.tgz
30 verbose lock https://registry.npmjs.org/http-server/-/http-server-0.6.1.tgz /usr/local/google/home/sachinh/.npm/c3f4b4b6-ttp-server-http-server-0-6-1-tgz.lock
31 verbose addRemoteTarball [ 'https://registry.npmjs.org/http-server/-/http-server-0.6.1.tgz',
31 verbose addRemoteTarball   '06fce65cf2bd4132a578bdac62ffacb97d613981' ]
32 info retry fetch attempt 1 at 18:03:20
33 verbose fetch to= /usr/local/google/home/sachinh/tmp/npm-10242-fHPjMf7t/1400547800447-0.11322806496173143/tmp.tgz
34 http GET https://registry.npmjs.org/http-server/-/http-server-0.6.1.tgz
35 http 200 https://registry.npmjs.org/http-server/-/http-server-0.6.1.tgz
36 verbose tar unpack /usr/local/google/home/sachinh/tmp/npm-10242-fHPjMf7t/1400547800447-0.11322806496173143/tmp.tgz
37 silly lockFile a42bb08f-nh-npm-http-server-0-6-1-package tar:///usr/local/google/home/sachinh/.npm/http-server/0.6.1/package
38 verbose lock tar:///usr/local/google/home/sachinh/.npm/http-server/0.6.1/package /usr/local/google/home/sachinh/.npm/a42bb08f-nh-npm-http-server-0-6-1-package.lock
39 silly lockFile 8d02844a-0447-0-11322806496173143-tmp-tgz tar:///usr/local/google/home/sachinh/tmp/npm-10242-fHPjMf7t/1400547800447-0.11322806496173143/tmp.tgz
40 verbose lock tar:///usr/local/google/home/sachinh/tmp/npm-10242-fHPjMf7t/1400547800447-0.11322806496173143/tmp.tgz /usr/local/google/home/sachinh/.npm/8d02844a-0447-0-11322806496173143-tmp-tgz.lock
41 silly gunzTarPerm modes [ '755', '644' ]
42 silly gunzTarPerm extractEntry package.json
43 silly gunzTarPerm extractEntry .npmignore
44 silly gunzTarPerm extractEntry README.md
45 silly gunzTarPerm extractEntry LICENSE
46 silly gunzTarPerm extractEntry bin/http-server
47 silly gunzTarPerm extractEntry lib/http-server.js
48 silly gunzTarPerm extractEntry public/404.html
49 silly gunzTarPerm extractEntry public/img/turtle.png
50 silly gunzTarPerm extractEntry public/index.html
51 silly gunzTarPerm extractEntry screenshots/directory.png
52 silly gunzTarPerm extractEntry screenshots/public.png
53 silly gunzTarPerm extractEntry screenshots/start.png
54 silly gunzTarPerm extractEntry test/http-server-test.js
55 silly gunzTarPerm extractEntry test/fixtures/root/canYouSeeMe
56 silly gunzTarPerm extractEntry test/fixtures/root/file
57 silly lockFile a42bb08f-nh-npm-http-server-0-6-1-package tar:///usr/local/google/home/sachinh/.npm/http-server/0.6.1/package
58 silly lockFile a42bb08f-nh-npm-http-server-0-6-1-package tar:///usr/local/google/home/sachinh/.npm/http-server/0.6.1/package
59 silly lockFile 8d02844a-0447-0-11322806496173143-tmp-tgz tar:///usr/local/google/home/sachinh/tmp/npm-10242-fHPjMf7t/1400547800447-0.11322806496173143/tmp.tgz
60 silly lockFile 8d02844a-0447-0-11322806496173143-tmp-tgz tar:///usr/local/google/home/sachinh/tmp/npm-10242-fHPjMf7t/1400547800447-0.11322806496173143/tmp.tgz
61 silly lockFile c3f4b4b6-ttp-server-http-server-0-6-1-tgz https://registry.npmjs.org/http-server/-/http-server-0.6.1.tgz
62 silly lockFile c3f4b4b6-ttp-server-http-server-0-6-1-tgz https://registry.npmjs.org/http-server/-/http-server-0.6.1.tgz
63 silly lockFile 1e2b2518-http-server-0-6-1 http-server@0.6.1
64 silly lockFile 1e2b2518-http-server-0-6-1 http-server@0.6.1
65 silly lockFile 550353c6-http-server http-server@
66 silly lockFile 550353c6-http-server http-server@
67 silly resolved [ { name: 'http-server',
67 silly resolved     version: '0.6.1',
67 silly resolved     author: { name: 'Nodejitsu', email: 'support@nodejitsu.com' },
67 silly resolved     description: 'a simple zero-configuration command-line http server',
67 silly resolved     main: './lib/http-server',
67 silly resolved     repository:
67 silly resolved      { type: 'git',
67 silly resolved        url: 'git://github.com/nodeapps/http-server.git' },
67 silly resolved     keywords: [ 'cli', 'command' ],
67 silly resolved     scripts:
67 silly resolved      { start: 'node ./bin/http-server',
67 silly resolved        test: 'vows --spec --isolate' },
67 silly resolved     contributors:
67 silly resolved      [ [Object],
67 silly resolved        [Object],
67 silly resolved        [Object],
67 silly resolved        [Object],
67 silly resolved        [Object],
67 silly resolved        [Object],
67 silly resolved        [Object],
67 silly resolved        [Object] ],
67 silly resolved     dependencies:
67 silly resolved      { colors: '0.6.x',
67 silly resolved        optimist: '0.5.x',
67 silly resolved        union: '0.3.x',
67 silly resolved        ecstatic: '0.4.x',
67 silly resolved        portfinder: '0.2.x',
67 silly resolved        opener: '~1.3.0' },
67 silly resolved     devDependencies: { vows: '0.7.x', request: '2.21.x' },
67 silly resolved     bugs: { url: 'https://github.com/nodeapps/http-server/issues' },
67 silly resolved     licenses: [ [Object] ],
67 silly resolved     analyze: false,
67 silly resolved     preferGlobal: 'true',
67 silly resolved     bin: { 'http-server': './bin/http-server' },
67 silly resolved     readme: '# http-server: a command-line http server\n\n`http-server` is a simple, zero-configuration command-line http server.  It is powerful enough for production usage, but it\'s simple and hackable enough to be used for testing, local development, and learning.\n\n![](https://github.com/nodeapps/http-server/raw/master/screenshots/public.png)\n\n# Installing globally:\n\nInstallation via `npm`.  If you don\'t have `npm` yet:\n\n     curl https://npmjs.org/install.sh | sh\n     \nOnce you have `npm`:\n\n     npm install http-server -g\n     \nThis will install `http-server` globally so that it may be run from the command line.\n\n## Usage:\n\n     http-server [path] [options]\n\n`[path]` defaults to `./public` if the folder exists, and `./` otherwise.\n\n# Installing as a node app\n\n     mkdir myapp\n     cd myapp/\n     jitsu install http-server\n\n*If you do not have `jitsu` installed you can install it via `npm install jitsu -g`*\n\n## Usage\n\n### Starting http-server locally\n\n     node bin/http-server\n\n*Now you can visit http://localhost:8080 to view your server*\n\n### Deploy http-server to nodejitsu\n\n     jitsu deploy\n\n*You will now be prompted for a `subdomain` to deploy your application on*\n\n## Available Options:\n\n`-p` Port to listen for connections on (defaults to 8080)\n\n`-a` Address to bind to (defaults to \'0.0.0.0\')\n\n`-d` Show directory listings (defaults to \'True\')\n\n`-i` Display autoIndex (defaults to \'True\')\n\n`-e` or `--ext` Default file extension (defaults to \'html\')\n\n`-s` or `--silent` In silent mode, log messages aren\'t logged to the console.\n\n`-h` or `--help` Displays a list of commands and exits.\n\n`-c` Set cache time (in seconds) for cache-control max-age header, e.g. -c10 for 10 seconds. To disable caching, use -c-1.\n',
67 silly resolved     readmeFilename: 'README.md',
67 silly resolved     homepage: 'https://github.com/nodeapps/http-server',
67 silly resolved     _id: 'http-server@0.6.1',
67 silly resolved     _shasum: '06fce65cf2bd4132a578bdac62ffacb97d613981',
67 silly resolved     _from: 'http-server@',
67 silly resolved     _resolved: 'https://registry.npmjs.org/http-server/-/http-server-0.6.1.tgz' } ]
68 info install http-server@0.6.1 into /usr/local/lib
69 info installOne http-server@0.6.1
70 info /usr/local/lib/node_modules/http-server unbuild
71 verbose tar unpack /usr/local/google/home/sachinh/.npm/http-server/0.6.1/package.tgz
72 silly lockFile c2cc12bc-cal-lib-node-modules-http-server tar:///usr/local/lib/node_modules/http-server
73 verbose lock tar:///usr/local/lib/node_modules/http-server /usr/local/google/home/sachinh/.npm/c2cc12bc-cal-lib-node-modules-http-server.lock
74 silly lockFile 77c70f02-pm-http-server-0-6-1-package-tgz tar:///usr/local/google/home/sachinh/.npm/http-server/0.6.1/package.tgz
75 verbose lock tar:///usr/local/google/home/sachinh/.npm/http-server/0.6.1/package.tgz /usr/local/google/home/sachinh/.npm/77c70f02-pm-http-server-0-6-1-package-tgz.lock
76 silly gunzTarPerm modes [ '755', '644' ]
77 error Error: EACCES, mkdir '/usr/local/lib/node_modules/http-server'
77 error  { [Error: EACCES, mkdir '/usr/local/lib/node_modules/http-server']
77 error   errno: 3,
77 error   code: 'EACCES',
77 error   path: '/usr/local/lib/node_modules/http-server',
77 error   fstream_type: 'Directory',
77 error   fstream_path: '/usr/local/lib/node_modules/http-server',
77 error   fstream_class: 'DirWriter',
77 error   fstream_stack:
77 error    [ '/usr/local/lib/node_modules/npm/node_modules/fstream/lib/dir-writer.js:36:23',
77 error      '/usr/local/lib/node_modules/npm/node_modules/mkdirp/index.js:37:53',
77 error      'Object.oncomplete (fs.js:107:15)' ] }
78 error Please try running this command again as root/Administrator.
79 error System Linux 3.2.5-gg1336
80 error command "/usr/local/bin/node" "/usr/local/bin/npm" "install" "http-server" "-g"
81 error cwd /usr/local/google/home/sachinh/basics/test
82 error node -v v0.10.28
83 error npm -v 1.4.9
84 error path /usr/local/lib/node_modules/http-server
85 error fstream_path /usr/local/lib/node_modules/http-server
86 error fstream_type Directory
87 error fstream_class DirWriter
88 error code EACCES
89 error errno 3
90 error stack Error: EACCES, mkdir '/usr/local/lib/node_modules/http-server'
91 error fstream_stack /usr/local/lib/node_modules/npm/node_modules/fstream/lib/dir-writer.js:36:23
91 error fstream_stack /usr/local/lib/node_modules/npm/node_modules/mkdirp/index.js:37:53
91 error fstream_stack Object.oncomplete (fs.js:107:15)
92 verbose exit [ 3, true ]
